#
# A fatal error has been detected by the Java Runtime Environment:
#
#  SIGBUS (0x7) at pc=0x00007f1404b77d7d, pid=7248, tid=0x00007f13b75c5700
#
# JRE version: OpenJDK Runtime Environment (8.0_92-b14) (build 1.8.0_92-b14)
# Java VM: OpenJDK 64-Bit Server VM (25.92-b14 mixed mode linux-amd64 compressed oops)
# Problematic frame:
# C  [libzip.so+0x4d7d]
#
# Core dump written. Default location: /home/austin/github/ece-capstone/src/smart_irrigation_app/core or core.7248
#
# If you would like to submit a bug report, please visit:
#   http://bugreport.java.com/bugreport/crash.jsp
# The crash happened outside the Java Virtual Machine in native code.
# See problematic frame for where to report the bug.
#

---------------  T H R E A D  ---------------

Current thread (0x00007f13a8026800):  JavaThread "Daemon worker Thread 21" [_thread_in_native, id=30438, stack(0x00007f13b74c5000,0x00007f13b75c6000)]

siginfo: si_signo: 7 (SIGBUS), si_code: 2 (BUS_ADRERR), si_addr: 0x00007f13b640b02c

Registers:
RAX=0x00007f13ac00ef70, RBX=0x00007f13a4377110, RCX=0x00007f13b640b00c, RDX=0x00007f13ac00ef70
RSP=0x00007f13b75c2a30, RBP=0x00007f13b75c2aa0, RSI=0x0000000000000003, RDI=0x00007f13ac000038
R8 =0x00007f13ac00efb0, R9 =0x0000000000000050, R10=0x00007f13f1161bd8, R11=0x00000000f21f9260
R12=0x00007f13a43773a8, R13=0x00007f13b75c2b59, R14=0x00007f13a4bbd250, R15=0x00007f13ac00ef70
RIP=0x00007f1404b77d7d, EFLAGS=0x0000000000010206, CSGSFS=0x0000000000000033, ERR=0x0000000000000004
  TRAPNO=0x000000000000000e

Top of Stack: (sp=0x00007f13b75c2a30)
0x00007f13b75c2a30:   0000000000000000 00007f1406812c60
0x00007f13b75c2a40:   00007f13a8026800 00007f13a8026800
0x00007f13b75c2a50:   00007f13b75c3210 00007f1405f81c4d
0x00007f13b75c2a60:   000000000000000c 00007f1406140700
0x00007f13b75c2a70:   000000000000004a 00007f13a43773a0
0x00007f13b75c2a80:   00000000333b56e3 00007f13b75c2b59
0x00007f13b75c2a90:   00007f13a4bbd250 00007f13a4377110
0x00007f13b75c2aa0:   00007f13b75c2af0 00007f1404b78ac4
0x00007f13b75c2ab0:   00007f13b75c2b10 0000004a01b2b700
0x00007f13b75c2ac0:   00007f13b75c3270 000000000000004a
0x00007f13b75c2ad0:   00007f13a80269e0 00000000c1480f50
0x00007f13b75c2ae0:   00007f13b75c2f68 00007f13a4377110
0x00007f13b75c2af0:   00007f13b75c2f50 00007f1404b76abc
0x00007f13b75c2b00:   00007f13b75c2b10 0000000100000001
0x00007f13b75c2b10:   464e492d4154454d 656369767265732f
0x00007f13b75c2b20:   656a2e67726f2f73 2e736e6961726274
0x00007f13b75c2b30:   2e736e6967756c70 742e656c64617267
0x00007f13b75c2b40:   4d2e676e696c6f6f 6c6975426c65646f
0x00007f13b75c2b50:   6976726553726564 8a5e260c00006563
0x00007f13b75c2b60:   00000000f21f6688 00007f13b75c31e0
0x00007f13b75c2b70:   00007f13a8026800 00007f140747a1a1
0x00007f13b75c2b80:   0000000000000006 00007f13a8026800
0x00007f13b75c2b90:   00007f1400b21ed0 000000000000003c
0x00007f13b75c2ba0:   00007f13b75c3240 00007f13f2cabfdc
0x00007f13b75c2bb0:   00007f13f2cabdd0 00007f1400000000
0x00007f13b75c2bc0:   00000000f21f66f8 00007f13b75c3240
0x00007f13b75c2bd0:   00007f13b75c3270 00007f13f2cabfdc
0x00007f13b75c2be0:   00007f13f2cabdd0 00007f1300000000
0x00007f13b75c2bf0:   00000000f21f6750 00007f13b75c3270
0x00007f13b75c2c00:   00007f13a8026800 00007f13b75c3380
0x00007f13b75c2c10:   00007f13b75c3380 00007f140613ff92
0x00007f13b75c2c20:   00007f13b75c2c50 00000001002da828 

Instructions: (pc=0x00007f1404b77d7d)
0x00007f1404b77d5d:   40 30 00 00 00 00 48 c7 40 28 00 00 00 00 0f 84
0x00007f1404b77d6d:   bf 01 00 00 49 8b 0c 24 48 2b 4b 28 48 03 4b 18
0x00007f1404b77d7d:   0f b7 41 20 44 0f b7 69 1c 49 89 ce 44 0f b7 61
0x00007f1404b77d8d:   1e 89 45 c0 41 8b 46 0c 48 c7 45 c8 00 00 00 00 

Register to memory mapping:

RAX=0x00007f13ac00ef70 is an unknown value
RBX=0x00007f13a4377110 is an unknown value
RCX=0x00007f13b640b00c is an unknown value
RDX=0x00007f13ac00ef70 is an unknown value
RSP=0x00007f13b75c2a30 is pointing into the stack for thread: 0x00007f13a8026800
RBP=0x00007f13b75c2aa0 is pointing into the stack for thread: 0x00007f13a8026800
RSI=0x0000000000000003 is an unknown value
RDI=0x00007f13ac000038 is an unknown value
R8 =0x00007f13ac00efb0 is an unknown value
R9 =0x0000000000000050 is an unknown value
R10=0x00007f13f1161bd8 is at entry_point+88 in (nmethod*)0x00007f13f1161a10
R11=0x00000000f21f9260 is an oop
